Using pre-set license
Built from '2020.3/release' branch; Version is '2020.3.1f1 (77a89f25062f) revision 7841951'; Using compiler version '192528614'; Build Type 'Release'
OS: 'Windows 10 Home Single Language; OS build 19043.1023; Version 2009; 64bit' Language: 'en' Physical Memory: 8045 MB
BatchMode: 1, IsHumanControllingUs: 0, StartBugReporterOnCrash: 0, Is64bit: 1, IsPro: 0

 COMMAND LINE ARGUMENTS:
D:\UNITY\2020.3.1f1\Editor\Unity.exe
-adb2
-batchMode
-noUpm
-name
AssetImportWorker1
-projectPath
G:/Unity/-DoAn1-AAA-AugmentedAnimalAlphabet
-logFile
Logs/AssetImportWorker1.log
-srvPort
63682
Successfully changed project path to: G:/Unity/-DoAn1-AAA-AugmentedAnimalAlphabet
G:/Unity/-DoAn1-AAA-AugmentedAnimalAlphabet
Using Asset Import Pipeline V2.
Refreshing native plugins compatible for Editor in 54.20 ms, found 9 plugins.
Preloading 2 native plugins for Editor in 3.82 ms.
Initialize engine version: 2020.3.1f1 (77a89f25062f)
[Subsystems] Discovering subsystems at path D:/UNITY/2020.3.1f1/Editor/Data/Resources/UnitySubsystems
[Subsystems] Discovering subsystems at path G:/Unity/-DoAn1-AAA-AugmentedAnimalAlphabet/Assets
GfxDevice: creating device client; threaded=0
Direct3D:
    Version:  Direct3D 11.0 [level 11.1]
    Renderer: Intel(R) UHD Graphics 620 (ID=0x3ea0)
    Vendor:   
    VRAM:     4022 MB
    Driver:   26.20.100.7926
Shader 'PointClouds/PointSplat': fallback shader 'PointClouds/PointSplatLegacy' not found
Initialize mono
Mono path[0] = 'D:/UNITY/2020.3.1f1/Editor/Data/Managed'
Mono path[1] = 'D:/UNITY/2020.3.1f1/Editor/Data/MonoBleedingEdge/lib/mono/unityjit'
Mono config path = 'D:/UNITY/2020.3.1f1/Editor/Data/MonoBleedingEdge/etc'
Using monoOptions --debugger-agent=transport=dt_socket,embedding=1,server=y,suspend=n,address=127.0.0.1:56128
Begin MonoManager ReloadAssembly
Registering precompiled unity dll's ...
Register platform support module: D:/UNITY/2020.3.1f1/Editor/Data/PlaybackEngines/WindowsStandaloneSupport/UnityEditor.WindowsStandalone.Extensions.dll
Registered in 0.052517 seconds.
Native extension for WindowsStandalone target not found
Refreshing native plugins compatible for Editor in 42.16 ms, found 9 plugins.
Preloading 2 native plugins for Editor in 0.07 ms.
Invoked RoslynAnalysisRunner static constructor.
RoslynAnalysisRunner will not be running.
RoslynAnalysisRunner has terminated.
Mono: successfully reloaded assembly
- Completed reload, in  7.080 seconds
Platform modules already initialized, skipping
Registering precompiled user dll's ...
Registered in 0.397674 seconds.
Begin MonoManager ReloadAssembly
Native extension for WindowsStandalone target not found
Refreshing native plugins compatible for Editor in 64.84 ms, found 9 plugins.
Preloading 2 native plugins for Editor in 0.07 ms.
System.NullReferenceException: Object reference not set to an instance of an object
  at Vuforia.EditorClasses.ExtensionTypeProvider.GetVuforiaPackageAbsPath () [0x0004a] in <f93bc12ce1034617aac9a18135b94276>:0 
  at Vuforia.EditorClasses.ExtensionTypeProvider.IsPackageManager () [0x00000] in <f93bc12ce1034617aac9a18135b94276>:0 
  at Vuforia.EditorClasses.ExtensionTypeProvider.ResolvePluginType () [0x00009] in <f93bc12ce1034617aac9a18135b94276>:0 
  at Vuforia.EditorClasses.ExtensionTypeProvider.GetPluginType () [0x0000c] in <f93bc12ce1034617aac9a18135b94276>:0 
  at Vuforia.EditorClasses.VuforiaUtilities.IsVuforiaEnabledInPlayerSettings () [0x00000] in <f93bc12ce1034617aac9a18135b94276>:0 
  at VuforiaEnabledObserver..cctor () [0x00000] in <f93bc12ce1034617aac9a18135b94276>:0 
UnityEngine.StackTraceUtility:ExtractStackTrace ()
UnityEngine.DebugLogHandler:LogFormat (UnityEngine.LogType,UnityEngine.Object,string,object[])
UnityEngine.Logger:Log (UnityEngine.LogType,object)
UnityEngine.Debug:LogError (object)
UnityEditor.EditorAssemblies:ProcessInitializeOnLoadAttributes (System.Type[])

System.NullReferenceException: Object reference not set to an instance of an object
  at Vuforia.EditorClasses.ExtensionTypeProvider.GetVuforiaPackageAbsPath () [0x0004a] in <f93bc12ce1034617aac9a18135b94276>:0 
  at Vuforia.EditorClasses.ExtensionTypeProvider.IsPackageManager () [0x00000] in <f93bc12ce1034617aac9a18135b94276>:0 
  at Vuforia.EditorClasses.ExtensionTypeProvider.ResolvePluginType () [0x00009] in <f93bc12ce1034617aac9a18135b94276>:0 
  at Vuforia.EditorClasses.ExtensionTypeProvider.GetPluginType () [0x0000c] in <f93bc12ce1034617aac9a18135b94276>:0 
  at Vuforia.EditorClasses.VuforiaUtilities.IsVuforiaEnabledInPlayerSettings () [0x00000] in <f93bc12ce1034617aac9a18135b94276>:0 
  at Vuforia.EditorClasses.InitializeOnLoadVuforiaTaskRunner..cctor () [0x00015] in <f93bc12ce1034617aac9a18135b94276>:0 
UnityEngine.StackTraceUtility:ExtractStackTrace ()
UnityEngine.DebugLogHandler:LogFormat (UnityEngine.LogType,UnityEngine.Object,string,object[])
UnityEngine.Logger:Log (UnityEngine.LogType,object)
UnityEngine.Debug:LogError (object)
UnityEditor.EditorAssemblies:ProcessInitializeOnLoadAttributes (System.Type[])

Invoked RoslynAnalysisRunner static constructor.
RoslynAnalysisRunner will not be running.
RoslynAnalysisRunner has terminated.
Mono: successfully reloaded assembly
- Completed reload, in  3.075 seconds
Platform modules already initialized, skipping
========================================================================
Worker process is ready to serve import requests
Shader 'PointClouds/PointSplat': fallback shader 'PointClouds/PointSplatLegacy' not found
Launched and connected shader compiler UnityShaderCompiler.exe after 0.20 seconds
Refreshing native plugins compatible for Editor in 0.96 ms, found 9 plugins.
Preloading 2 native plugins for Editor in 0.08 ms.
Unloading 1879 Unused Serialized files (Serialized files now loaded: 0)
System memory in use before: 82.6 MB.
System memory in use after: 82.7 MB.

Unloading 40 unused Assets to reduce memory usage. Loaded Objects now: 2577.
Total: 3.128800 ms (FindLiveObjects: 0.449600 ms CreateObjectMapping: 0.136600 ms MarkObjects: 2.425500 ms  DeleteObjects: 0.115500 ms)

========================================================================
Received Import Request.
  path: Assets/ModelTargets/AC.png
  artifactKey: Guid(8a57cf6b48727eb4bb867861b94c155e) Importer(815301076,1909f56bfc062723c751e8b465ee728b)
Start importing Assets/ModelTargets/AC.png using Guid(8a57cf6b48727eb4bb867861b94c155e) Importer(815301076,1909f56bfc062723c751e8b465ee728b)  -> (artifact id: 'de18d57deb0169f3c258f56abff48b67') in 0.108819 seconds
  Import took 0.141488 seconds .

========================================================================
Received Import Request.
  Time since last request: 73.366416 seconds.
  path: Assets/Resources/VuforiaConfiguration.asset
  artifactKey: Guid(037c19c84c1b5da44898ee84003ecb18) Importer(815301076,1909f56bfc062723c751e8b465ee728b)
Start importing Assets/Resources/VuforiaConfiguration.asset using Guid(037c19c84c1b5da44898ee84003ecb18) Importer(815301076,1909f56bfc062723c751e8b465ee728b)  -> (artifact id: '077b7926232d405b3ebb0fe956d6873a') in 0.012294 seconds
  Import took 0.061525 seconds .

========================================================================
Received Import Request.
  Time since last request: 47.528284 seconds.
  path: Assets/Resources/VuforiaConfiguration.asset
  artifactKey: Guid(037c19c84c1b5da44898ee84003ecb18) Importer(815301076,1909f56bfc062723c751e8b465ee728b)
Start importing Assets/Resources/VuforiaConfiguration.asset using Guid(037c19c84c1b5da44898ee84003ecb18) Importer(815301076,1909f56bfc062723c751e8b465ee728b)  -> (artifact id: '7636ac88f57bba03bed7dc7eda3e3117') in 0.007325 seconds
  Import took 0.015700 seconds .

========================================================================
Received Import Request.
  Time since last request: 0.001382 seconds.
  path: Assets/Resources/VuforiaConfiguration.asset
  artifactKey: Guid(037c19c84c1b5da44898ee84003ecb18) Importer(815301076,1909f56bfc062723c751e8b465ee728b)
Start importing Assets/Resources/VuforiaConfiguration.asset using Guid(037c19c84c1b5da44898ee84003ecb18) Importer(815301076,1909f56bfc062723c751e8b465ee728b)  -> (artifact id: '7636ac88f57bba03bed7dc7eda3e3117') in 0.002990 seconds
  Import took 0.009591 seconds .

========================================================================
Received Import Request.
  Time since last request: 660.781131 seconds.
  path: Assets/Animals/Model/Antelope.blend
  artifactKey: Guid(dbda3ba44df9ade4da4787c9c317f9e9) Importer(815301076,1909f56bfc062723c751e8b465ee728b)
Start importing Assets/Animals/Model/Antelope.blend using Guid(dbda3ba44df9ade4da4787c9c317f9e9) Importer(815301076,1909f56bfc062723c751e8b465ee728b)  -> (artifact id: 'fd443d2c50c582b8b693306590605d9d') in 0.856626 seconds
  Import took 0.880666 seconds .

========================================================================
Received Import Request.
  Time since last request: 0.000326 seconds.
  path: Assets/Animals/Model/Iguana.blend
  artifactKey: Guid(ef083674a2246cb448a916ca49990cad) Importer(815301076,1909f56bfc062723c751e8b465ee728b)
Start importing Assets/Animals/Model/Iguana.blend using Guid(ef083674a2246cb448a916ca49990cad) Importer(815301076,1909f56bfc062723c751e8b465ee728b)  -> (artifact id: '290f6c8f373303630f3f0569d857fee6') in 0.062939 seconds
  Import took 0.067032 seconds .

========================================================================
Received Import Request.
  Time since last request: 0.000349 seconds.
  path: Assets/Animals/Model/Quail.blend
  artifactKey: Guid(a14d6b84cce884d4598c2dd49cc1e58c) Importer(815301076,1909f56bfc062723c751e8b465ee728b)
Start importing Assets/Animals/Model/Quail.blend using Guid(a14d6b84cce884d4598c2dd49cc1e58c) Importer(815301076,1909f56bfc062723c751e8b465ee728b)  -> (artifact id: '8ad28dd9e556e38b26620743677b182e') in 0.056011 seconds
  Import took 0.059811 seconds .

========================================================================
Received Import Request.
  Time since last request: 0.000333 seconds.
  path: Assets/Animals/Model/Narwhal.blend
  artifactKey: Guid(62994219aadc3394185f26fe09481401) Importer(815301076,1909f56bfc062723c751e8b465ee728b)
Start importing Assets/Animals/Model/Narwhal.blend using Guid(62994219aadc3394185f26fe09481401) Importer(815301076,1909f56bfc062723c751e8b465ee728b)  -> (artifact id: '23455f376e42da1516a64ce17ed37485') in 0.062291 seconds
  Import took 0.066491 seconds .

========================================================================
Received Import Request.
  Time since last request: 0.000306 seconds.
  path: Assets/Animals/Model/Ostrich.blend
  artifactKey: Guid(574bae71c00638846908c263085c286e) Importer(815301076,1909f56bfc062723c751e8b465ee728b)
Start importing Assets/Animals/Model/Ostrich.blend using Guid(574bae71c00638846908c263085c286e) Importer(815301076,1909f56bfc062723c751e8b465ee728b)  -> (artifact id: '87e21aa5e9e1a520be982f0dc9ae0775') in 0.074210 seconds
  Import took 0.098563 seconds .

========================================================================
Received Import Request.
  Time since last request: 0.000292 seconds.
  path: Assets/Animals/Model/Zebra.blend
  artifactKey: Guid(2e611f73dab2cc94f8c6cc43909d2c43) Importer(815301076,1909f56bfc062723c751e8b465ee728b)
Start importing Assets/Animals/Model/Zebra.blend using Guid(2e611f73dab2cc94f8c6cc43909d2c43) Importer(815301076,1909f56bfc062723c751e8b465ee728b)  -> (artifact id: 'ae6f1a0de994eb017aa4909523d08e6b') in 0.063181 seconds
  Import took 0.066685 seconds .

========================================================================
Received Import Request.
  Time since last request: 0.000253 seconds.
  path: Assets/Animals/Model/Fox.blend
  artifactKey: Guid(c7b96f286f879ac4a9b35b4f67ebd0ce) Importer(815301076,1909f56bfc062723c751e8b465ee728b)
Start importing Assets/Animals/Model/Fox.blend using Guid(c7b96f286f879ac4a9b35b4f67ebd0ce) Importer(815301076,1909f56bfc062723c751e8b465ee728b)  -> (artifact id: '270b4a87ca6936080c024f52eaff8c7c') in 0.053313 seconds
  Import took 0.058000 seconds .

========================================================================
Received Import Request.
  Time since last request: 0.000336 seconds.
  path: Assets/Animals/Model/Giraffe.blend
  artifactKey: Guid(617eb00660f7c6d44af08e938982494b) Importer(815301076,1909f56bfc062723c751e8b465ee728b)
Start importing Assets/Animals/Model/Giraffe.blend using Guid(617eb00660f7c6d44af08e938982494b) Importer(815301076,1909f56bfc062723c751e8b465ee728b)  -> (artifact id: 'b82c9523197fe86fe61f9504388cf379') in 0.073125 seconds
  Import took 0.194472 seconds .

========================================================================
Received Import Request.
  Time since last request: 0.000224 seconds.
  path: Assets/Animals/Model/Elephant.blend
  artifactKey: Guid(1aac5c00eee75c94ea4c3dd5be395d82) Importer(815301076,1909f56bfc062723c751e8b465ee728b)
Start importing Assets/Animals/Model/Elephant.blend using Guid(1aac5c00eee75c94ea4c3dd5be395d82) Importer(815301076,1909f56bfc062723c751e8b465ee728b)  -> (artifact id: 'bddf2a5623e0e8f95361274bca32512f') in 0.111602 seconds
  Import took 0.115021 seconds .

========================================================================
Received Import Request.
  Time since last request: 0.000270 seconds.
  path: Assets/Animals/Model/Viper.blend
  artifactKey: Guid(b1d03c39bbd9b0b4fa9307e81c59bc4f) Importer(815301076,1909f56bfc062723c751e8b465ee728b)
Start importing Assets/Animals/Model/Viper.blend using Guid(b1d03c39bbd9b0b4fa9307e81c59bc4f) Importer(815301076,1909f56bfc062723c751e8b465ee728b)  -> (artifact id: '1c43ab17cfa461f9c5d842cb410ef7cf') in 0.308992 seconds
  Import took 0.312893 seconds .

========================================================================
Received Import Request.
  Time since last request: 0.000289 seconds.
  path: Assets/Animals/Model/Bear.blend
  artifactKey: Guid(9603ac991a4b26a45a3d02ae19a786b8) Importer(815301076,1909f56bfc062723c751e8b465ee728b)
Start importing Assets/Animals/Model/Bear.blend using Guid(9603ac991a4b26a45a3d02ae19a786b8) Importer(815301076,1909f56bfc062723c751e8b465ee728b)  -> (artifact id: 'e2dffb76c5c3ba0c956f74ee432fcc42') in 0.062797 seconds
  Import took 0.067846 seconds .

========================================================================
Received Import Request.
  Time since last request: 0.001174 seconds.
  path: Assets/Animals/Model/Yak.blend
  artifactKey: Guid(4b752369a4d1e4e408b3d535e3c88dbf) Importer(815301076,1909f56bfc062723c751e8b465ee728b)
Start importing Assets/Animals/Model/Yak.blend using Guid(4b752369a4d1e4e408b3d535e3c88dbf) Importer(815301076,1909f56bfc062723c751e8b465ee728b)  -> (artifact id: '2ed0ca550ce0e2a823f47e4879efd876') in 0.072197 seconds
  Import took 0.088689 seconds .

========================================================================
Received Import Request.
  Time since last request: 0.000315 seconds.
  path: Assets/Animals/Model/Unicorn.blend
  artifactKey: Guid(d72a01f9efdd80a4f9c88091504cafeb) Importer(815301076,1909f56bfc062723c751e8b465ee728b)
Start importing Assets/Animals/Model/Unicorn.blend using Guid(d72a01f9efdd80a4f9c88091504cafeb) Importer(815301076,1909f56bfc062723c751e8b465ee728b)  -> (artifact id: '6931f45a5fd548043c2ead8e2b6ece79') in 0.085377 seconds
  Import took 0.089127 seconds .

========================================================================
Received Import Request.
  Time since last request: 0.000323 seconds.
  path: Assets/Animals/Model/Rabbit.blend
  artifactKey: Guid(bbf620a8e9ba9a544a5c1239521cdde5) Importer(815301076,1909f56bfc062723c751e8b465ee728b)
Start importing Assets/Animals/Model/Rabbit.blend using Guid(bbf620a8e9ba9a544a5c1239521cdde5) Importer(815301076,1909f56bfc062723c751e8b465ee728b)  -> (artifact id: '09a43a36bcaa3a6bf7b0e87861d4174c') in 0.071175 seconds
  Import took 0.141840 seconds .

========================================================================
Received Import Request.
  Time since last request: 0.000271 seconds.
  path: Assets/Animals/Model/Xiphias(Swordfish).blend
  artifactKey: Guid(fde229064d1e46942afac38bc3a6151d) Importer(815301076,1909f56bfc062723c751e8b465ee728b)
Start importing Assets/Animals/Model/Xiphias(Swordfish).blend using Guid(fde229064d1e46942afac38bc3a6151d) Importer(815301076,1909f56bfc062723c751e8b465ee728b)  -> (artifact id: 'e116a6e639b8f2c8e61713d751273ba7') in 0.152586 seconds
  Import took 0.219252 seconds .

========================================================================
Received Import Request.
  Time since last request: 0.000258 seconds.
  path: Assets/Animals/Model/Turtle.blend
  artifactKey: Guid(978c940839dfb2847928a744df75802b) Importer(815301076,1909f56bfc062723c751e8b465ee728b)
Start importing Assets/Animals/Model/Turtle.blend using Guid(978c940839dfb2847928a744df75802b) Importer(815301076,1909f56bfc062723c751e8b465ee728b)  -> (artifact id: '0ec6f4a4f5651194245ad0eb361f626f') in 0.063547 seconds
  Import took 0.070286 seconds .

========================================================================
Received Import Request.
  Time since last request: 0.000588 seconds.
  path: Assets/Animals/Model/Dog.blend
  artifactKey: Guid(29cb46722ef03a64f840cdfd76bc0143) Importer(815301076,1909f56bfc062723c751e8b465ee728b)
Start importing Assets/Animals/Model/Dog.blend using Guid(29cb46722ef03a64f840cdfd76bc0143) Importer(815301076,1909f56bfc062723c751e8b465ee728b)  -> (artifact id: '63a9d86a57da7928355f8512b29355bd') in 0.064284 seconds
  Import took 0.072623 seconds .

========================================================================
Received Import Request.
  Time since last request: 0.000329 seconds.
  path: Assets/Animals/Model/Jaguar.blend
  artifactKey: Guid(4f02a26d1304a2042a3044540f473a68) Importer(815301076,1909f56bfc062723c751e8b465ee728b)
Start importing Assets/Animals/Model/Jaguar.blend using Guid(4f02a26d1304a2042a3044540f473a68) Importer(815301076,1909f56bfc062723c751e8b465ee728b)  -> (artifact id: 'a4d87c0e4a70b312f4b8adc61323b2bf') in 0.050263 seconds
  Import took 0.056402 seconds .

========================================================================
Received Import Request.
  Time since last request: 0.000381 seconds.
  path: Assets/Animals/Model/Panda.blend
  artifactKey: Guid(bd37c66cefe148841a738164ae758e0f) Importer(815301076,1909f56bfc062723c751e8b465ee728b)
Start importing Assets/Animals/Model/Panda.blend using Guid(bd37c66cefe148841a738164ae758e0f) Importer(815301076,1909f56bfc062723c751e8b465ee728b)  -> (artifact id: '2c4ce312ca5416631ee80563b8477cbb') in 0.062520 seconds
  Import took 0.067622 seconds .

========================================================================
Received Import Request.
  Time since last request: 0.000288 seconds.
  path: Assets/Animals/Model/Shark.blend
  artifactKey: Guid(a7d0b868a92465848b5b0582908e103b) Importer(815301076,1909f56bfc062723c751e8b465ee728b)
Start importing Assets/Animals/Model/Shark.blend using Guid(a7d0b868a92465848b5b0582908e103b) Importer(815301076,1909f56bfc062723c751e8b465ee728b)  -> (artifact id: 'a4e5148c8c8d006e8f76a713d3c988bf') in 0.131642 seconds
  Import took 0.137967 seconds .

========================================================================
Received Import Request.
  Time since last request: 0.000240 seconds.
  path: Assets/Animals/Model/Crocodile.blend
  artifactKey: Guid(a15dcb6b9f54a7f4dbd25784594e91af) Importer(815301076,1909f56bfc062723c751e8b465ee728b)
Start importing Assets/Animals/Model/Crocodile.blend using Guid(a15dcb6b9f54a7f4dbd25784594e91af) Importer(815301076,1909f56bfc062723c751e8b465ee728b)  -> (artifact id: 'c2a109943642bbe96ec652b2cd73a943') in 0.067988 seconds
  Import took 0.074595 seconds .

========================================================================
Received Import Request.
  Time since last request: 0.000330 seconds.
  path: Assets/Animals/Model/Monkey.blend
  artifactKey: Guid(b1f2451972640834cba3d8031ee5b4cf) Importer(815301076,1909f56bfc062723c751e8b465ee728b)
Start importing Assets/Animals/Model/Monkey.blend using Guid(b1f2451972640834cba3d8031ee5b4cf) Importer(815301076,1909f56bfc062723c751e8b465ee728b)  -> (artifact id: 'f36d5f55bcbef4fb1ea4bf0584f673c9') in 0.062052 seconds
  Import took 0.076402 seconds .

========================================================================
Received Import Request.
  Time since last request: 0.000195 seconds.
  path: Assets/Animals/Model/Whale.blend
  artifactKey: Guid(7161070e8e231474ba37007ff2b78f91) Importer(815301076,1909f56bfc062723c751e8b465ee728b)
Start importing Assets/Animals/Model/Whale.blend using Guid(7161070e8e231474ba37007ff2b78f91) Importer(815301076,1909f56bfc062723c751e8b465ee728b)  -> (artifact id: '592c5f5c5efba398aa0572f2b9e1b123') in 0.046608 seconds
  Import took 0.050427 seconds .

========================================================================
Received Import Request.
  Time since last request: 0.000319 seconds.
  path: Assets/Animals/Model/Kangaroo.blend
  artifactKey: Guid(72758b0221273ad40bbf7959a797dd73) Importer(815301076,1909f56bfc062723c751e8b465ee728b)
Start importing Assets/Animals/Model/Kangaroo.blend using Guid(72758b0221273ad40bbf7959a797dd73) Importer(815301076,1909f56bfc062723c751e8b465ee728b)  -> (artifact id: '198de88041192d886fb77663824c8661') in 0.062469 seconds
  Import took 0.082499 seconds .

========================================================================
Received Import Request.
  Time since last request: 0.000224 seconds.
  path: Assets/Animals/Model/Lion.blend
  artifactKey: Guid(f578afda5f9f6504aa97fa7a17a6fc11) Importer(815301076,1909f56bfc062723c751e8b465ee728b)
Start importing Assets/Animals/Model/Lion.blend using Guid(f578afda5f9f6504aa97fa7a17a6fc11) Importer(815301076,1909f56bfc062723c751e8b465ee728b)  -> (artifact id: '387333b68ecafde616059a3563f87c1e') in 0.075075 seconds
  Import took 0.096536 seconds .

========================================================================
Received Import Request.
  Time since last request: 0.000243 seconds.
  path: Assets/Animals/Model/Horse.blend
  artifactKey: Guid(61e5853eb11948d47910c6a2b24bb00a) Importer(815301076,1909f56bfc062723c751e8b465ee728b)
Start importing Assets/Animals/Model/Horse.blend using Guid(61e5853eb11948d47910c6a2b24bb00a) Importer(815301076,1909f56bfc062723c751e8b465ee728b)  -> (artifact id: '76baf1ad223deffb0dbe8b3e7b3939ab') in 0.107854 seconds
  Import took 0.112220 seconds .

========================================================================
Received Prepare
Registering precompiled user dll's ...
Registered in 1.073608 seconds.
Begin MonoManager ReloadAssembly
Native extension for WindowsStandalone target not found
Refreshing native plugins compatible for Editor in 0.93 ms, found 9 plugins.
Preloading 2 native plugins for Editor in 0.09 ms.
System.NullReferenceException: Object reference not set to an instance of an object
  at Vuforia.EditorClasses.ExtensionTypeProvider.GetVuforiaPackageAbsPath () [0x0004a] in <f93bc12ce1034617aac9a18135b94276>:0 
  at Vuforia.EditorClasses.ExtensionTypeProvider.IsPackageManager () [0x00000] in <f93bc12ce1034617aac9a18135b94276>:0 
  at Vuforia.EditorClasses.ExtensionTypeProvider.ResolvePluginType () [0x00009] in <f93bc12ce1034617aac9a18135b94276>:0 
  at Vuforia.EditorClasses.ExtensionTypeProvider.GetPluginType () [0x0000c] in <f93bc12ce1034617aac9a18135b94276>:0 
  at Vuforia.EditorClasses.VuforiaUtilities.IsVuforiaEnabledInPlayerSettings () [0x00000] in <f93bc12ce1034617aac9a18135b94276>:0 
  at VuforiaEnabledObserver..cctor () [0x00000] in <f93bc12ce1034617aac9a18135b94276>:0 
UnityEngine.StackTraceUtility:ExtractStackTrace ()
UnityEngine.DebugLogHandler:LogFormat (UnityEngine.LogType,UnityEngine.Object,string,object[])
UnityEngine.Logger:Log (UnityEngine.LogType,object)
UnityEngine.Debug:LogError (object)
UnityEditor.EditorAssemblies:ProcessInitializeOnLoadAttributes (System.Type[])

System.NullReferenceException: Object reference not set to an instance of an object
  at Vuforia.EditorClasses.ExtensionTypeProvider.GetVuforiaPackageAbsPath () [0x0004a] in <f93bc12ce1034617aac9a18135b94276>:0 
  at Vuforia.EditorClasses.ExtensionTypeProvider.IsPackageManager () [0x00000] in <f93bc12ce1034617aac9a18135b94276>:0 
  at Vuforia.EditorClasses.ExtensionTypeProvider.ResolvePluginType () [0x00009] in <f93bc12ce1034617aac9a18135b94276>:0 
  at Vuforia.EditorClasses.ExtensionTypeProvider.GetPluginType () [0x0000c] in <f93bc12ce1034617aac9a18135b94276>:0 
  at Vuforia.EditorClasses.VuforiaUtilities.IsVuforiaEnabledInPlayerSettings () [0x00000] in <f93bc12ce1034617aac9a18135b94276>:0 
  at Vuforia.EditorClasses.InitializeOnLoadVuforiaTaskRunner..cctor () [0x00015] in <f93bc12ce1034617aac9a18135b94276>:0 
UnityEngine.StackTraceUtility:ExtractStackTrace ()
UnityEngine.DebugLogHandler:LogFormat (UnityEngine.LogType,UnityEngine.Object,string,object[])
UnityEngine.Logger:Log (UnityEngine.LogType,object)
UnityEngine.Debug:LogError (object)
UnityEditor.EditorAssemblies:ProcessInitializeOnLoadAttributes (System.Type[])

Invoked RoslynAnalysisRunner static constructor.
RoslynAnalysisRunner will not be running.
RoslynAnalysisRunner has terminated.
Mono: successfully reloaded assembly
- Completed reload, in  1.056 seconds
Platform modules already initialized, skipping
Shader 'PointClouds/PointSplat': fallback shader 'PointClouds/PointSplatLegacy' not found
Refreshing native plugins compatible for Editor in 1.97 ms, found 9 plugins.
Preloading 2 native plugins for Editor in 0.38 ms.
Unloading 1832 Unused Serialized files (Serialized files now loaded: 0)
System memory in use before: 84.6 MB.
System memory in use after: 84.7 MB.

Unloading 36 unused Assets to reduce memory usage. Loaded Objects now: 2626.
Total: 18.037600 ms (FindLiveObjects: 3.388300 ms CreateObjectMapping: 1.503100 ms MarkObjects: 13.035500 ms  DeleteObjects: 0.099500 ms)

========================================================================
Received Prepare
Registering precompiled user dll's ...
Registered in 0.006013 seconds.
Begin MonoManager ReloadAssembly
Native extension for WindowsStandalone target not found
Refreshing native plugins compatible for Editor in 0.92 ms, found 9 plugins.
Preloading 2 native plugins for Editor in 0.10 ms.
System.NullReferenceException: Object reference not set to an instance of an object
  at Vuforia.EditorClasses.ExtensionTypeProvider.GetVuforiaPackageAbsPath () [0x0004a] in <f93bc12ce1034617aac9a18135b94276>:0 
  at Vuforia.EditorClasses.ExtensionTypeProvider.IsPackageManager () [0x00000] in <f93bc12ce1034617aac9a18135b94276>:0 
  at Vuforia.EditorClasses.ExtensionTypeProvider.ResolvePluginType () [0x00009] in <f93bc12ce1034617aac9a18135b94276>:0 
  at Vuforia.EditorClasses.ExtensionTypeProvider.GetPluginType () [0x0000c] in <f93bc12ce1034617aac9a18135b94276>:0 
  at Vuforia.EditorClasses.VuforiaUtilities.IsVuforiaEnabledInPlayerSettings () [0x00000] in <f93bc12ce1034617aac9a18135b94276>:0 
  at VuforiaEnabledObserver..cctor () [0x00000] in <f93bc12ce1034617aac9a18135b94276>:0 
UnityEngine.StackTraceUtility:ExtractStackTrace ()
UnityEngine.DebugLogHandler:LogFormat (UnityEngine.LogType,UnityEngine.Object,string,object[])
UnityEngine.Logger:Log (UnityEngine.LogType,object)
UnityEngine.Debug:LogError (object)
UnityEditor.EditorAssemblies:ProcessInitializeOnLoadAttributes (System.Type[])

System.NullReferenceException: Object reference not set to an instance of an object
  at Vuforia.EditorClasses.ExtensionTypeProvider.GetVuforiaPackageAbsPath () [0x0004a] in <f93bc12ce1034617aac9a18135b94276>:0 
  at Vuforia.EditorClasses.ExtensionTypeProvider.IsPackageManager () [0x00000] in <f93bc12ce1034617aac9a18135b94276>:0 
  at Vuforia.EditorClasses.ExtensionTypeProvider.ResolvePluginType () [0x00009] in <f93bc12ce1034617aac9a18135b94276>:0 
  at Vuforia.EditorClasses.ExtensionTypeProvider.GetPluginType () [0x0000c] in <f93bc12ce1034617aac9a18135b94276>:0 
  at Vuforia.EditorClasses.VuforiaUtilities.IsVuforiaEnabledInPlayerSettings () [0x00000] in <f93bc12ce1034617aac9a18135b94276>:0 
  at Vuforia.EditorClasses.InitializeOnLoadVuforiaTaskRunner..cctor () [0x00015] in <f93bc12ce1034617aac9a18135b94276>:0 
UnityEngine.StackTraceUtility:ExtractStackTrace ()
UnityEngine.DebugLogHandler:LogFormat (UnityEngine.LogType,UnityEngine.Object,string,object[])
UnityEngine.Logger:Log (UnityEngine.LogType,object)
UnityEngine.Debug:LogError (object)
UnityEditor.EditorAssemblies:ProcessInitializeOnLoadAttributes (System.Type[])

Invoked RoslynAnalysisRunner static constructor.
RoslynAnalysisRunner will not be running.
RoslynAnalysisRunner has terminated.
Mono: successfully reloaded assembly
- Completed reload, in  1.147 seconds
Platform modules already initialized, skipping
Shader 'PointClouds/PointSplat': fallback shader 'PointClouds/PointSplatLegacy' not found
Refreshing native plugins compatible for Editor in 1.05 ms, found 9 plugins.
Preloading 2 native plugins for Editor in 0.11 ms.
Unloading 1832 Unused Serialized files (Serialized files now loaded: 0)
System memory in use before: 84.6 MB.
System memory in use after: 84.7 MB.

Unloading 35 unused Assets to reduce memory usage. Loaded Objects now: 2630.
Total: 4.809100 ms (FindLiveObjects: 1.304700 ms CreateObjectMapping: 0.283600 ms MarkObjects: 3.157100 ms  DeleteObjects: 0.059400 ms)

========================================================================
Received Import Request.
  Time since last request: 463.580488 seconds.
  path: Assets/Animals
  artifactKey: Guid(4f805fe051aefc242a4ba3698caff3b8) Importer(815301076,1909f56bfc062723c751e8b465ee728b)
Start importing Assets/Animals using Guid(4f805fe051aefc242a4ba3698caff3b8) Importer(815301076,1909f56bfc062723c751e8b465ee728b)  -> (artifact id: '08432abd1f271bca444bd6ea5e871bee') in 0.017384 seconds
  Import took 0.022728 seconds .

========================================================================
Received Import Request.
  Time since last request: 0.605363 seconds.
  path: Assets/Animals/Model
  artifactKey: Guid(3aefa87c606bfc34eb70937727c214cd) Importer(815301076,1909f56bfc062723c751e8b465ee728b)
Start importing Assets/Animals/Model using Guid(3aefa87c606bfc34eb70937727c214cd) Importer(815301076,1909f56bfc062723c751e8b465ee728b)  -> (artifact id: 'b171bdbb8575fe0be926f522ea01946f') in 0.012628 seconds
  Import took 0.035542 seconds .

========================================================================
Received Prepare
Registering precompiled user dll's ...
Registered in 0.005564 seconds.
Begin MonoManager ReloadAssembly
Native extension for WindowsStandalone target not found
Refreshing native plugins compatible for Editor in 0.80 ms, found 9 plugins.
Preloading 2 native plugins for Editor in 0.08 ms.
System.NullReferenceException: Object reference not set to an instance of an object
  at Vuforia.EditorClasses.ExtensionTypeProvider.GetVuforiaPackageAbsPath () [0x0004a] in <f93bc12ce1034617aac9a18135b94276>:0 
  at Vuforia.EditorClasses.ExtensionTypeProvider.IsPackageManager () [0x00000] in <f93bc12ce1034617aac9a18135b94276>:0 
  at Vuforia.EditorClasses.ExtensionTypeProvider.ResolvePluginType () [0x00009] in <f93bc12ce1034617aac9a18135b94276>:0 
  at Vuforia.EditorClasses.ExtensionTypeProvider.GetPluginType () [0x0000c] in <f93bc12ce1034617aac9a18135b94276>:0 
  at Vuforia.EditorClasses.VuforiaUtilities.IsVuforiaEnabledInPlayerSettings () [0x00000] in <f93bc12ce1034617aac9a18135b94276>:0 
  at VuforiaEnabledObserver..cctor () [0x00000] in <f93bc12ce1034617aac9a18135b94276>:0 
UnityEngine.StackTraceUtility:ExtractStackTrace ()
UnityEngine.DebugLogHandler:LogFormat (UnityEngine.LogType,UnityEngine.Object,string,object[])
UnityEngine.Logger:Log (UnityEngine.LogType,object)
UnityEngine.Debug:LogError (object)
UnityEditor.EditorAssemblies:ProcessInitializeOnLoadAttributes (System.Type[])

System.NullReferenceException: Object reference not set to an instance of an object
  at Vuforia.EditorClasses.ExtensionTypeProvider.GetVuforiaPackageAbsPath () [0x0004a] in <f93bc12ce1034617aac9a18135b94276>:0 
  at Vuforia.EditorClasses.ExtensionTypeProvider.IsPackageManager () [0x00000] in <f93bc12ce1034617aac9a18135b94276>:0 
  at Vuforia.EditorClasses.ExtensionTypeProvider.ResolvePluginType () [0x00009] in <f93bc12ce1034617aac9a18135b94276>:0 
  at Vuforia.EditorClasses.ExtensionTypeProvider.GetPluginType () [0x0000c] in <f93bc12ce1034617aac9a18135b94276>:0 
  at Vuforia.EditorClasses.VuforiaUtilities.IsVuforiaEnabledInPlayerSettings () [0x00000] in <f93bc12ce1034617aac9a18135b94276>:0 
  at Vuforia.EditorClasses.InitializeOnLoadVuforiaTaskRunner..cctor () [0x00015] in <f93bc12ce1034617aac9a18135b94276>:0 
UnityEngine.StackTraceUtility:ExtractStackTrace ()
UnityEngine.DebugLogHandler:LogFormat (UnityEngine.LogType,UnityEngine.Object,string,object[])
UnityEngine.Logger:Log (UnityEngine.LogType,object)
UnityEngine.Debug:LogError (object)
UnityEditor.EditorAssemblies:ProcessInitializeOnLoadAttributes (System.Type[])

Invoked RoslynAnalysisRunner static constructor.
RoslynAnalysisRunner will not be running.
RoslynAnalysisRunner has terminated.
Mono: successfully reloaded assembly
- Completed reload, in  0.963 seconds
Platform modules already initialized, skipping
Shader 'PointClouds/PointSplat': fallback shader 'PointClouds/PointSplatLegacy' not found
Refreshing native plugins compatible for Editor in 0.83 ms, found 9 plugins.
Preloading 2 native plugins for Editor in 0.07 ms.
Unloading 1832 Unused Serialized files (Serialized files now loaded: 0)
System memory in use before: 84.6 MB.
System memory in use after: 84.7 MB.

Unloading 35 unused Assets to reduce memory usage. Loaded Objects now: 2634.
Total: 2.960200 ms (FindLiveObjects: 0.372900 ms CreateObjectMapping: 0.251300 ms MarkObjects: 2.252100 ms  DeleteObjects: 0.063500 ms)

========================================================================
Received Import Request.
  Time since last request: 38.640294 seconds.
  path: Assets/ModelTargets/Antelope/Antelope_preview.png
  artifactKey: Guid(cac3a1f683ee8234080044e84da48fbf) Importer(815301076,1909f56bfc062723c751e8b465ee728b)
Start importing Assets/ModelTargets/Antelope/Antelope_preview.png using Guid(cac3a1f683ee8234080044e84da48fbf) Importer(815301076,1909f56bfc062723c751e8b465ee728b)  -> (artifact id: '37ccd88fd1f08c03ef34442a0333ea0f') in 0.093519 seconds
  Import took 0.098782 seconds .

========================================================================
Received Import Request.
  Time since last request: 0.000320 seconds.
  path: Assets/ModelTargets/Antelope/viewpoint_0000_1.png
  artifactKey: Guid(6b4c0d49cabfb7e4b83f90183e07df49) Importer(815301076,1909f56bfc062723c751e8b465ee728b)
Start importing Assets/ModelTargets/Antelope/viewpoint_0000_1.png using Guid(6b4c0d49cabfb7e4b83f90183e07df49) Importer(815301076,1909f56bfc062723c751e8b465ee728b)  -> (artifact id: 'd83ceab149f42179e70d6b41f565c196') in 0.082384 seconds
  Import took 0.086165 seconds .

========================================================================
Received Import Request.
  Time since last request: 0.000321 seconds.
  path: Assets/ModelTargets/Antelope/viewpoint_0000_2.png
  artifactKey: Guid(1e58823d102655e4c95408db5a32e858) Importer(815301076,1909f56bfc062723c751e8b465ee728b)
Start importing Assets/ModelTargets/Antelope/viewpoint_0000_2.png using Guid(1e58823d102655e4c95408db5a32e858) Importer(815301076,1909f56bfc062723c751e8b465ee728b)  -> (artifact id: '09c30d2520c0718d82321b2a21ff5fa0') in 0.139511 seconds
  Import took 0.144675 seconds .

========================================================================
Received Import Request.
  Time since last request: 0.000323 seconds.
  path: Assets/ModelTargets/Antelope/viewpoint_0000_1.png
  artifactKey: Guid(6b4c0d49cabfb7e4b83f90183e07df49) Importer(815301076,1909f56bfc062723c751e8b465ee728b)
Start importing Assets/ModelTargets/Antelope/viewpoint_0000_1.png using Guid(6b4c0d49cabfb7e4b83f90183e07df49) Importer(815301076,1909f56bfc062723c751e8b465ee728b)  -> (artifact id: 'd83ceab149f42179e70d6b41f565c196') in 0.011185 seconds
  Import took 0.016578 seconds .

========================================================================
Received Import Request.
  Time since last request: 4.142144 seconds.
  path: Assets/ModelTargets/Antelope/Antelope.vup
  artifactKey: Guid(cde7798afd80b3440817332b88a12219) Importer(815301076,1909f56bfc062723c751e8b465ee728b)
Start importing Assets/ModelTargets/Antelope/Antelope.vup using Guid(cde7798afd80b3440817332b88a12219) Importer(815301076,1909f56bfc062723c751e8b465ee728b)  -> (artifact id: 'b1912d8a039830c43f409c77d0775afb') in 0.012151 seconds
  Import took 0.017463 seconds .

========================================================================
Received Import Request.
  Time since last request: 0.714913 seconds.
  path: Assets/ModelTargets/Antelope/Antelope.vul
  artifactKey: Guid(e5f7bf6018fdc034db471f253da212c5) Importer(815301076,1909f56bfc062723c751e8b465ee728b)
Start importing Assets/ModelTargets/Antelope/Antelope.vul using Guid(e5f7bf6018fdc034db471f253da212c5) Importer(815301076,1909f56bfc062723c751e8b465ee728b)  -> (artifact id: 'a1d01b75cb58586d6ab6ac954536d9a1') in 0.006944 seconds
  Import took 0.011003 seconds .

========================================================================
Received Import Request.
  Time since last request: 0.639796 seconds.
  path: Assets/ModelTargets/Antelope/dataset
  artifactKey: Guid(0224387403ed9304a948e001b91606aa) Importer(815301076,1909f56bfc062723c751e8b465ee728b)
Start importing Assets/ModelTargets/Antelope/dataset using Guid(0224387403ed9304a948e001b91606aa) Importer(815301076,1909f56bfc062723c751e8b465ee728b)  -> (artifact id: '75f1a7ea2fc70d76b8da177f06868362') in 0.009328 seconds
  Import took 0.013354 seconds .

========================================================================
Received Import Request.
  Time since last request: 0.189351 seconds.
  path: Assets/ModelTargets/Antelope/dataset/Antelope_viewpoint_0000_1.png
  artifactKey: Guid(d99d3f1e28997914485f999d60ad59fb) Importer(815301076,1909f56bfc062723c751e8b465ee728b)
Start importing Assets/ModelTargets/Antelope/dataset/Antelope_viewpoint_0000_1.png using Guid(d99d3f1e28997914485f999d60ad59fb) Importer(815301076,1909f56bfc062723c751e8b465ee728b)  -> (artifact id: 'd57df9c408c135370235a23ab2b6b1d8') in 0.091186 seconds
  Import took 0.095339 seconds .

========================================================================
Received Import Request.
  Time since last request: 0.000252 seconds.
  path: Assets/ModelTargets/Antelope/dataset/Antelope_viewpoint_0000_2.png
  artifactKey: Guid(eeca9f1fbe1fdfe4c89f3980db93c15b) Importer(815301076,1909f56bfc062723c751e8b465ee728b)
Start importing Assets/ModelTargets/Antelope/dataset/Antelope_viewpoint_0000_2.png using Guid(eeca9f1fbe1fdfe4c89f3980db93c15b) Importer(815301076,1909f56bfc062723c751e8b465ee728b)  -> (artifact id: '2b1ea25118c59ccdd45c5f3fd77c3f7f') in 0.080436 seconds
  Import took 0.083604 seconds .

========================================================================
Received Import Request.
  Time since last request: 0.592545 seconds.
  path: Assets/ModelTargets/Antelope/dataset/Antelope.unitypackage
  artifactKey: Guid(a14601b1bf57ef5499947bb8926ff7c0) Importer(815301076,1909f56bfc062723c751e8b465ee728b)
Start importing Assets/ModelTargets/Antelope/dataset/Antelope.unitypackage using Guid(a14601b1bf57ef5499947bb8926ff7c0) Importer(815301076,1909f56bfc062723c751e8b465ee728b)  -> (artifact id: '2d6b7489f99b116c651cfc8f30ca04c1') in 0.031772 seconds
  Import took 0.038576 seconds .

========================================================================
Received Import Request.
  Time since last request: 19.400119 seconds.
  path: Assets/ModelTargets/Antelope/dataset/Antelope.xml
  artifactKey: Guid(728eee0d190f42e45b51df8cbc23e25a) Importer(815301076,1909f56bfc062723c751e8b465ee728b)
Start importing Assets/ModelTargets/Antelope/dataset/Antelope.xml using Guid(728eee0d190f42e45b51df8cbc23e25a) Importer(815301076,1909f56bfc062723c751e8b465ee728b)  -> (artifact id: '4d7129c481d002eb89fe128d5ea6007e') in 0.010278 seconds
  Import took 0.015093 seconds .

========================================================================
Received Import Request.
  Time since last request: 0.021836 seconds.
  path: Assets/ModelTargets/Antelope/dataset/Antelope.xml
  artifactKey: Guid(728eee0d190f42e45b51df8cbc23e25a) Importer(815301076,1909f56bfc062723c751e8b465ee728b)
Start importing Assets/ModelTargets/Antelope/dataset/Antelope.xml using Guid(728eee0d190f42e45b51df8cbc23e25a) Importer(815301076,1909f56bfc062723c751e8b465ee728b)  -> (artifact id: '4d7129c481d002eb89fe128d5ea6007e') in 0.003074 seconds
  Import took 0.007231 seconds .

========================================================================
Received Import Request.
  Time since last request: 2.326500 seconds.
  path: Assets/ModelTargets/Antelope/dataset/Antelope.dat
  artifactKey: Guid(1c281219501d4b845ad1ba14ad3cd14f) Importer(815301076,1909f56bfc062723c751e8b465ee728b)
Start importing Assets/ModelTargets/Antelope/dataset/Antelope.dat using Guid(1c281219501d4b845ad1ba14ad3cd14f) Importer(815301076,1909f56bfc062723c751e8b465ee728b)  -> (artifact id: '621b99e0437930fc59e4a94f78d20705') in 0.005255 seconds
  Import took 0.012177 seconds .

========================================================================
Received Import Request.
  Time since last request: 9.138342 seconds.
  path: Assets/ExampleAssets/Materials/PlacedCubeMat.mat
  artifactKey: Guid(0ce7ca15cd93341beb67396a494cef55) Importer(815301076,1909f56bfc062723c751e8b465ee728b)
Start importing Assets/ExampleAssets/Materials/PlacedCubeMat.mat using Guid(0ce7ca15cd93341beb67396a494cef55) Importer(815301076,1909f56bfc062723c751e8b465ee728b)  -> (artifact id: '5b2dd906f3ddb0d9451c8a06dab0785e') in 0.065771 seconds
  Import took 0.098210 seconds .

========================================================================
Received Import Request.
  Time since last request: 0.000322 seconds.
  path: Assets/ExampleAssets/Materials/PlaneMat.mat
  artifactKey: Guid(2da0ea038f25a4fa998f183878aedf79) Importer(815301076,1909f56bfc062723c751e8b465ee728b)
Start importing Assets/ExampleAssets/Materials/PlaneMat.mat using Guid(2da0ea038f25a4fa998f183878aedf79) Importer(815301076,1909f56bfc062723c751e8b465ee728b)  -> (artifact id: '60259ef8abd5e8b3649450e07371316c') in 0.056853 seconds
  Import took 0.060466 seconds .

========================================================================
Received Import Request.
  Time since last request: 0.575896 seconds.
  path: Assets/ExampleAssets/Prefabs/ARPlane.prefab
  artifactKey: Guid(3738bd65ede154463b2c35064b9e5fdb) Importer(815301076,1909f56bfc062723c751e8b465ee728b)
Start importing Assets/ExampleAssets/Prefabs/ARPlane.prefab using Guid(3738bd65ede154463b2c35064b9e5fdb) Importer(815301076,1909f56bfc062723c751e8b465ee728b)  -> (artifact id: '283c4bff2ef35a99e6d1ec95d7dc3692') in 0.089980 seconds
  Import took 0.093663 seconds .

========================================================================
Received Import Request.
  Time since last request: 0.000331 seconds.
  path: Assets/ExampleAssets/Prefabs/CubeObject.prefab
  artifactKey: Guid(fe573e7abb8af466791f07600c0785e3) Importer(815301076,1909f56bfc062723c751e8b465ee728b)
Start importing Assets/ExampleAssets/Prefabs/CubeObject.prefab using Guid(fe573e7abb8af466791f07600c0785e3) Importer(815301076,1909f56bfc062723c751e8b465ee728b)  -> (artifact id: 'f0e19ae5c94fa0cd1e1625dad236048f') in 0.045063 seconds
  Import took 0.048826 seconds .

========================================================================
Received Import Request.
  Time since last request: 3.381435 seconds.
  path: Assets/ExampleAssets/Textures/PlanePatternDot.png
  artifactKey: Guid(af6bcea09b8134831b6599e2900aef81) Importer(815301076,1909f56bfc062723c751e8b465ee728b)
Start importing Assets/ExampleAssets/Textures/PlanePatternDot.png using Guid(af6bcea09b8134831b6599e2900aef81) Importer(815301076,1909f56bfc062723c751e8b465ee728b)  -> (artifact id: '63869909569d5720a4fd6e79c43c3cfe') in 0.011373 seconds
  Import took 0.015838 seconds .

========================================================================
Received Import Request.
  Time since last request: 1.160146 seconds.
  path: Assets/ExampleAssets/Tutorial/ARTutorialStyle.asset
  artifactKey: Guid(673c100feae4c40308b05cbe438649eb) Importer(815301076,1909f56bfc062723c751e8b465ee728b)
Start importing Assets/ExampleAssets/Tutorial/ARTutorialStyle.asset using Guid(673c100feae4c40308b05cbe438649eb) Importer(815301076,1909f56bfc062723c751e8b465ee728b)  -> (artifact id: 'ecd84ab35e12d35de675997d2effe0c7') in 0.087988 seconds
  Import took 0.107615 seconds .

========================================================================
Received Import Request.
  Time since last request: 0.000362 seconds.
  path: Assets/ExampleAssets/Tutorial/ARTutorialWelcomePage.asset
  artifactKey: Guid(d7ed8cdd171b54fe39c58afde8ff5d51) Importer(815301076,1909f56bfc062723c751e8b465ee728b)
Start importing Assets/ExampleAssets/Tutorial/ARTutorialWelcomePage.asset using Guid(d7ed8cdd171b54fe39c58afde8ff5d51) Importer(815301076,1909f56bfc062723c751e8b465ee728b)  -> (artifact id: '2b578aae373f83f8bb9fb6d3e1ab9a24') in 0.063528 seconds
  Import took 0.066880 seconds .

========================================================================
Received Import Request.
  Time since last request: 0.000323 seconds.
  path: Assets/ExampleAssets/Tutorial/TutorialsContainer.asset
  artifactKey: Guid(58201dbec29094f7a9c5cf1b87912e6b) Importer(815301076,1909f56bfc062723c751e8b465ee728b)
Start importing Assets/ExampleAssets/Tutorial/TutorialsContainer.asset using Guid(58201dbec29094f7a9c5cf1b87912e6b) Importer(815301076,1909f56bfc062723c751e8b465ee728b)  -> (artifact id: 'dc01982b610b6ae5aa93aa0910264ea2') in 0.076867 seconds
  Import took 0.080275 seconds .

========================================================================
Received Import Request.
  Time since last request: 0.000339 seconds.
  path: Assets/ExampleAssets/Tutorial/TutorialProjectSettings.asset
  artifactKey: Guid(81fee52a5ef9d49a9babe154239f82cf) Importer(815301076,1909f56bfc062723c751e8b465ee728b)
Start importing Assets/ExampleAssets/Tutorial/TutorialProjectSettings.asset using Guid(81fee52a5ef9d49a9babe154239f82cf) Importer(815301076,1909f56bfc062723c751e8b465ee728b)  -> (artifact id: 'f0f5000576a5e6624069f8b4536e58b9') in 0.030863 seconds
  Import took 0.035252 seconds .

========================================================================
Received Import Request.
  Time since last request: 1.504108 seconds.
  path: Assets/ExampleAssets/Models/cube.fbx
  artifactKey: Guid(de4da3906a001624fabcc7838ddf2eb4) Importer(815301076,1909f56bfc062723c751e8b465ee728b)
Start importing Assets/ExampleAssets/Models/cube.fbx using Guid(de4da3906a001624fabcc7838ddf2eb4) Importer(815301076,1909f56bfc062723c751e8b465ee728b)  -> (artifact id: '2a42ce103be4d9bd9b55f94c4e428773') in 0.092638 seconds
  Import took 0.098126 seconds .

========================================================================
Received Prepare
Registering precompiled user dll's ...
Registered in 0.007549 seconds.
Begin MonoManager ReloadAssembly
Native extension for WindowsStandalone target not found
Refreshing native plugins compatible for Editor in 1.02 ms, found 9 plugins.
Preloading 2 native plugins for Editor in 0.17 ms.
System.NullReferenceException: Object reference not set to an instance of an object
  at Vuforia.EditorClasses.ExtensionTypeProvider.GetVuforiaPackageAbsPath () [0x0004a] in <f93bc12ce1034617aac9a18135b94276>:0 
  at Vuforia.EditorClasses.ExtensionTypeProvider.IsPackageManager () [0x00000] in <f93bc12ce1034617aac9a18135b94276>:0 
  at Vuforia.EditorClasses.ExtensionTypeProvider.ResolvePluginType () [0x00009] in <f93bc12ce1034617aac9a18135b94276>:0 
  at Vuforia.EditorClasses.ExtensionTypeProvider.GetPluginType () [0x0000c] in <f93bc12ce1034617aac9a18135b94276>:0 
  at Vuforia.EditorClasses.VuforiaUtilities.IsVuforiaEnabledInPlayerSettings () [0x00000] in <f93bc12ce1034617aac9a18135b94276>:0 
  at VuforiaEnabledObserver..cctor () [0x00000] in <f93bc12ce1034617aac9a18135b94276>:0 
UnityEngine.StackTraceUtility:ExtractStackTrace ()
UnityEngine.DebugLogHandler:LogFormat (UnityEngine.LogType,UnityEngine.Object,string,object[])
UnityEngine.Logger:Log (UnityEngine.LogType,object)
UnityEngine.Debug:LogError (object)
UnityEditor.EditorAssemblies:ProcessInitializeOnLoadAttributes (System.Type[])

System.NullReferenceException: Object reference not set to an instance of an object
  at Vuforia.EditorClasses.ExtensionTypeProvider.GetVuforiaPackageAbsPath () [0x0004a] in <f93bc12ce1034617aac9a18135b94276>:0 
  at Vuforia.EditorClasses.ExtensionTypeProvider.IsPackageManager () [0x00000] in <f93bc12ce1034617aac9a18135b94276>:0 
  at Vuforia.EditorClasses.ExtensionTypeProvider.ResolvePluginType () [0x00009] in <f93bc12ce1034617aac9a18135b94276>:0 
  at Vuforia.EditorClasses.ExtensionTypeProvider.GetPluginType () [0x0000c] in <f93bc12ce1034617aac9a18135b94276>:0 
  at Vuforia.EditorClasses.VuforiaUtilities.IsVuforiaEnabledInPlayerSettings () [0x00000] in <f93bc12ce1034617aac9a18135b94276>:0 
  at Vuforia.EditorClasses.InitializeOnLoadVuforiaTaskRunner..cctor () [0x00015] in <f93bc12ce1034617aac9a18135b94276>:0 
UnityEngine.StackTraceUtility:ExtractStackTrace ()
UnityEngine.DebugLogHandler:LogFormat (UnityEngine.LogType,UnityEngine.Object,string,object[])
UnityEngine.Logger:Log (UnityEngine.LogType,object)
UnityEngine.Debug:LogError (object)
UnityEditor.EditorAssemblies:ProcessInitializeOnLoadAttributes (System.Type[])

Invoked RoslynAnalysisRunner static constructor.
RoslynAnalysisRunner will not be running.
RoslynAnalysisRunner has terminated.
Mono: successfully reloaded assembly
- Completed reload, in  1.174 seconds
Platform modules already initialized, skipping
Shader 'PointClouds/PointSplat': fallback shader 'PointClouds/PointSplatLegacy' not found
Refreshing native plugins compatible for Editor in 0.93 ms, found 9 plugins.
Preloading 2 native plugins for Editor in 0.10 ms.
Unloading 1832 Unused Serialized files (Serialized files now loaded: 0)
System memory in use before: 85.3 MB.
System memory in use after: 85.4 MB.

Unloading 35 unused Assets to reduce memory usage. Loaded Objects now: 2641.
Total: 2.678700 ms (FindLiveObjects: 0.336000 ms CreateObjectMapping: 0.098300 ms MarkObjects: 2.183200 ms  DeleteObjects: 0.059900 ms)

========================================================================
Received Prepare
Registering precompiled user dll's ...
Registered in 0.007111 seconds.
Begin MonoManager ReloadAssembly
Native extension for WindowsStandalone target not found
Refreshing native plugins compatible for Editor in 1.20 ms, found 9 plugins.
Preloading 2 native plugins for Editor in 0.13 ms.
System.NullReferenceException: Object reference not set to an instance of an object
  at Vuforia.EditorClasses.ExtensionTypeProvider.GetVuforiaPackageAbsPath () [0x0004a] in <f93bc12ce1034617aac9a18135b94276>:0 
  at Vuforia.EditorClasses.ExtensionTypeProvider.IsPackageManager () [0x00000] in <f93bc12ce1034617aac9a18135b94276>:0 
  at Vuforia.EditorClasses.ExtensionTypeProvider.ResolvePluginType () [0x00009] in <f93bc12ce1034617aac9a18135b94276>:0 
  at Vuforia.EditorClasses.ExtensionTypeProvider.GetPluginType () [0x0000c] in <f93bc12ce1034617aac9a18135b94276>:0 
  at Vuforia.EditorClasses.VuforiaUtilities.IsVuforiaEnabledInPlayerSettings () [0x00000] in <f93bc12ce1034617aac9a18135b94276>:0 
  at VuforiaEnabledObserver..cctor () [0x00000] in <f93bc12ce1034617aac9a18135b94276>:0 
UnityEngine.StackTraceUtility:ExtractStackTrace ()
UnityEngine.DebugLogHandler:LogFormat (UnityEngine.LogType,UnityEngine.Object,string,object[])
UnityEngine.Logger:Log (UnityEngine.LogType,object)
UnityEngine.Debug:LogError (object)
UnityEditor.EditorAssemblies:ProcessInitializeOnLoadAttributes (System.Type[])

System.NullReferenceException: Object reference not set to an instance of an object
  at Vuforia.EditorClasses.ExtensionTypeProvider.GetVuforiaPackageAbsPath () [0x0004a] in <f93bc12ce1034617aac9a18135b94276>:0 
  at Vuforia.EditorClasses.ExtensionTypeProvider.IsPackageManager () [0x00000] in <f93bc12ce1034617aac9a18135b94276>:0 
  at Vuforia.EditorClasses.ExtensionTypeProvider.ResolvePluginType () [0x00009] in <f93bc12ce1034617aac9a18135b94276>:0 
  at Vuforia.EditorClasses.ExtensionTypeProvider.GetPluginType () [0x0000c] in <f93bc12ce1034617aac9a18135b94276>:0 
  at Vuforia.EditorClasses.VuforiaUtilities.IsVuforiaEnabledInPlayerSettings () [0x00000] in <f93bc12ce1034617aac9a18135b94276>:0 
  at Vuforia.EditorClasses.InitializeOnLoadVuforiaTaskRunner..cctor () [0x00015] in <f93bc12ce1034617aac9a18135b94276>:0 
UnityEngine.StackTraceUtility:ExtractStackTrace ()
UnityEngine.DebugLogHandler:LogFormat (UnityEngine.LogType,UnityEngine.Object,string,object[])
UnityEngine.Logger:Log (UnityEngine.LogType,object)
UnityEngine.Debug:LogError (object)
UnityEditor.EditorAssemblies:ProcessInitializeOnLoadAttributes (System.Type[])

Invoked RoslynAnalysisRunner static constructor.
RoslynAnalysisRunner will not be running.
RoslynAnalysisRunner has terminated.
Mono: successfully reloaded assembly
- Completed reload, in  1.513 seconds
Platform modules already initialized, skipping
Shader 'PointClouds/PointSplat': fallback shader 'PointClouds/PointSplatLegacy' not found
Refreshing native plugins compatible for Editor in 1.11 ms, found 9 plugins.
Preloading 2 native plugins for Editor in 0.11 ms.
Unloading 1832 Unused Serialized files (Serialized files now loaded: 0)
System memory in use before: 85.4 MB.
System memory in use after: 85.4 MB.

Unloading 35 unused Assets to reduce memory usage. Loaded Objects now: 2645.
Total: 2.492700 ms (FindLiveObjects: 0.267300 ms CreateObjectMapping: 0.102700 ms MarkObjects: 2.063000 ms  DeleteObjects: 0.058400 ms)

========================================================================
Received Prepare
Registering precompiled user dll's ...
Registered in 0.006120 seconds.
Begin MonoManager ReloadAssembly
Native extension for WindowsStandalone target not found
Refreshing native plugins compatible for Editor in 1.11 ms, found 9 plugins.
Preloading 2 native plugins for Editor in 0.13 ms.
System.NullReferenceException: Object reference not set to an instance of an object
  at Vuforia.EditorClasses.ExtensionTypeProvider.GetVuforiaPackageAbsPath () [0x0004a] in <f93bc12ce1034617aac9a18135b94276>:0 
  at Vuforia.EditorClasses.ExtensionTypeProvider.IsPackageManager () [0x00000] in <f93bc12ce1034617aac9a18135b94276>:0 
  at Vuforia.EditorClasses.ExtensionTypeProvider.ResolvePluginType () [0x00009] in <f93bc12ce1034617aac9a18135b94276>:0 
  at Vuforia.EditorClasses.ExtensionTypeProvider.GetPluginType () [0x0000c] in <f93bc12ce1034617aac9a18135b94276>:0 
  at Vuforia.EditorClasses.VuforiaUtilities.IsVuforiaEnabledInPlayerSettings () [0x00000] in <f93bc12ce1034617aac9a18135b94276>:0 
  at VuforiaEnabledObserver..cctor () [0x00000] in <f93bc12ce1034617aac9a18135b94276>:0 
UnityEngine.StackTraceUtility:ExtractStackTrace ()
UnityEngine.DebugLogHandler:LogFormat (UnityEngine.LogType,UnityEngine.Object,string,object[])
UnityEngine.Logger:Log (UnityEngine.LogType,object)
UnityEngine.Debug:LogError (object)
UnityEditor.EditorAssemblies:ProcessInitializeOnLoadAttributes (System.Type[])

System.NullReferenceException: Object reference not set to an instance of an object
  at Vuforia.EditorClasses.ExtensionTypeProvider.GetVuforiaPackageAbsPath () [0x0004a] in <f93bc12ce1034617aac9a18135b94276>:0 
  at Vuforia.EditorClasses.ExtensionTypeProvider.IsPackageManager () [0x00000] in <f93bc12ce1034617aac9a18135b94276>:0 
  at Vuforia.EditorClasses.ExtensionTypeProvider.ResolvePluginType () [0x00009] in <f93bc12ce1034617aac9a18135b94276>:0 
  at Vuforia.EditorClasses.ExtensionTypeProvider.GetPluginType () [0x0000c] in <f93bc12ce1034617aac9a18135b94276>:0 
  at Vuforia.EditorClasses.VuforiaUtilities.IsVuforiaEnabledInPlayerSettings () [0x00000] in <f93bc12ce1034617aac9a18135b94276>:0 
  at Vuforia.EditorClasses.InitializeOnLoadVuforiaTaskRunner..cctor () [0x00015] in <f93bc12ce1034617aac9a18135b94276>:0 
UnityEngine.StackTraceUtility:ExtractStackTrace ()
UnityEngine.DebugLogHandler:LogFormat (UnityEngine.LogType,UnityEngine.Object,string,object[])
UnityEngine.Logger:Log (UnityEngine.LogType,object)
UnityEngine.Debug:LogError (object)
UnityEditor.EditorAssemblies:ProcessInitializeOnLoadAttributes (System.Type[])

Invoked RoslynAnalysisRunner static constructor.
RoslynAnalysisRunner will not be running.
RoslynAnalysisRunner has terminated.
Mono: successfully reloaded assembly
- Completed reload, in  1.469 seconds
Platform modules already initialized, skipping
Shader 'PointClouds/PointSplat': fallback shader 'PointClouds/PointSplatLegacy' not found
Refreshing native plugins compatible for Editor in 0.95 ms, found 9 plugins.
Preloading 2 native plugins for Editor in 0.10 ms.
Unloading 1832 Unused Serialized files (Serialized files now loaded: 0)
System memory in use before: 85.4 MB.
System memory in use after: 85.5 MB.

Unloading 35 unused Assets to reduce memory usage. Loaded Objects now: 2649.
Total: 2.430300 ms (FindLiveObjects: 0.269600 ms CreateObjectMapping: 0.099700 ms MarkObjects: 2.004000 ms  DeleteObjects: 0.055700 ms)

========================================================================
Received Prepare
Registering precompiled user dll's ...
Registered in 0.005596 seconds.
Begin MonoManager ReloadAssembly
Native extension for WindowsStandalone target not found
Refreshing native plugins compatible for Editor in 0.94 ms, found 9 plugins.
Preloading 2 native plugins for Editor in 0.11 ms.
System.NullReferenceException: Object reference not set to an instance of an object
  at Vuforia.EditorClasses.ExtensionTypeProvider.GetVuforiaPackageAbsPath () [0x0004a] in <f93bc12ce1034617aac9a18135b94276>:0 
  at Vuforia.EditorClasses.ExtensionTypeProvider.IsPackageManager () [0x00000] in <f93bc12ce1034617aac9a18135b94276>:0 
  at Vuforia.EditorClasses.ExtensionTypeProvider.ResolvePluginType () [0x00009] in <f93bc12ce1034617aac9a18135b94276>:0 
  at Vuforia.EditorClasses.ExtensionTypeProvider.GetPluginType () [0x0000c] in <f93bc12ce1034617aac9a18135b94276>:0 
  at Vuforia.EditorClasses.VuforiaUtilities.IsVuforiaEnabledInPlayerSettings () [0x00000] in <f93bc12ce1034617aac9a18135b94276>:0 
  at VuforiaEnabledObserver..cctor () [0x00000] in <f93bc12ce1034617aac9a18135b94276>:0 
UnityEngine.StackTraceUtility:ExtractStackTrace ()
UnityEngine.DebugLogHandler:LogFormat (UnityEngine.LogType,UnityEngine.Object,string,object[])
UnityEngine.Logger:Log (UnityEngine.LogType,object)
UnityEngine.Debug:LogError (object)
UnityEditor.EditorAssemblies:ProcessInitializeOnLoadAttributes (System.Type[])

System.NullReferenceException: Object reference not set to an instance of an object
  at Vuforia.EditorClasses.ExtensionTypeProvider.GetVuforiaPackageAbsPath () [0x0004a] in <f93bc12ce1034617aac9a18135b94276>:0 
  at Vuforia.EditorClasses.ExtensionTypeProvider.IsPackageManager () [0x00000] in <f93bc12ce1034617aac9a18135b94276>:0 
  at Vuforia.EditorClasses.ExtensionTypeProvider.ResolvePluginType () [0x00009] in <f93bc12ce1034617aac9a18135b94276>:0 
  at Vuforia.EditorClasses.ExtensionTypeProvider.GetPluginType () [0x0000c] in <f93bc12ce1034617aac9a18135b94276>:0 
  at Vuforia.EditorClasses.VuforiaUtilities.IsVuforiaEnabledInPlayerSettings () [0x00000] in <f93bc12ce1034617aac9a18135b94276>:0 
  at Vuforia.EditorClasses.InitializeOnLoadVuforiaTaskRunner..cctor () [0x00015] in <f93bc12ce1034617aac9a18135b94276>:0 
UnityEngine.StackTraceUtility:ExtractStackTrace ()
UnityEngine.DebugLogHandler:LogFormat (UnityEngine.LogType,UnityEngine.Object,string,object[])
UnityEngine.Logger:Log (UnityEngine.LogType,object)
UnityEngine.Debug:LogError (object)
UnityEditor.EditorAssemblies:ProcessInitializeOnLoadAttributes (System.Type[])

Invoked RoslynAnalysisRunner static constructor.
RoslynAnalysisRunner will not be running.
RoslynAnalysisRunner has terminated.
Mono: successfully reloaded assembly
- Completed reload, in  1.222 seconds
Platform modules already initialized, skipping
Shader 'PointClouds/PointSplat': fallback shader 'PointClouds/PointSplatLegacy' not found
Refreshing native plugins compatible for Editor in 0.91 ms, found 9 plugins.
Preloading 2 native plugins for Editor in 0.09 ms.
Unloading 1832 Unused Serialized files (Serialized files now loaded: 0)
System memory in use before: 85.4 MB.
System memory in use after: 85.5 MB.

Unloading 35 unused Assets to reduce memory usage. Loaded Objects now: 2653.
Total: 2.471900 ms (FindLiveObjects: 0.275500 ms CreateObjectMapping: 0.099800 ms MarkObjects: 2.041900 ms  DeleteObjects: 0.053500 ms)

========================================================================
Received Import Request.
  Time since last request: 612.556045 seconds.
  path: Assets/Animals/Exports/Antelope.obj
  artifactKey: Guid(151c5edc76ac3af4c9c904f4a533d2ae) Importer(815301076,1909f56bfc062723c751e8b465ee728b)
Start importing Assets/Animals/Exports/Antelope.obj using Guid(151c5edc76ac3af4c9c904f4a533d2ae) Importer(815301076,1909f56bfc062723c751e8b465ee728b)  -> (artifact id: '2aec46cbddd9bfdc844a399de1d6595b') in 0.288725 seconds
  Import took 0.294247 seconds .

========================================================================
Received Prepare
Registering precompiled user dll's ...
Registered in 0.005544 seconds.
Begin MonoManager ReloadAssembly
Native extension for WindowsStandalone target not found
Refreshing native plugins compatible for Editor in 0.98 ms, found 9 plugins.
Preloading 2 native plugins for Editor in 0.11 ms.
System.NullReferenceException: Object reference not set to an instance of an object
  at Vuforia.EditorClasses.ExtensionTypeProvider.GetVuforiaPackageAbsPath () [0x0004a] in <f93bc12ce1034617aac9a18135b94276>:0 
  at Vuforia.EditorClasses.ExtensionTypeProvider.IsPackageManager () [0x00000] in <f93bc12ce1034617aac9a18135b94276>:0 
  at Vuforia.EditorClasses.ExtensionTypeProvider.ResolvePluginType () [0x00009] in <f93bc12ce1034617aac9a18135b94276>:0 
  at Vuforia.EditorClasses.ExtensionTypeProvider.GetPluginType () [0x0000c] in <f93bc12ce1034617aac9a18135b94276>:0 
  at Vuforia.EditorClasses.VuforiaUtilities.IsVuforiaEnabledInPlayerSettings () [0x00000] in <f93bc12ce1034617aac9a18135b94276>:0 
  at VuforiaEnabledObserver..cctor () [0x00000] in <f93bc12ce1034617aac9a18135b94276>:0 
UnityEngine.StackTraceUtility:ExtractStackTrace ()
UnityEngine.DebugLogHandler:LogFormat (UnityEngine.LogType,UnityEngine.Object,string,object[])
UnityEngine.Logger:Log (UnityEngine.LogType,object)
UnityEngine.Debug:LogError (object)
UnityEditor.EditorAssemblies:ProcessInitializeOnLoadAttributes (System.Type[])

System.NullReferenceException: Object reference not set to an instance of an object
  at Vuforia.EditorClasses.ExtensionTypeProvider.GetVuforiaPackageAbsPath () [0x0004a] in <f93bc12ce1034617aac9a18135b94276>:0 
  at Vuforia.EditorClasses.ExtensionTypeProvider.IsPackageManager () [0x00000] in <f93bc12ce1034617aac9a18135b94276>:0 
  at Vuforia.EditorClasses.ExtensionTypeProvider.ResolvePluginType () [0x00009] in <f93bc12ce1034617aac9a18135b94276>:0 
  at Vuforia.EditorClasses.ExtensionTypeProvider.GetPluginType () [0x0000c] in <f93bc12ce1034617aac9a18135b94276>:0 
  at Vuforia.EditorClasses.VuforiaUtilities.IsVuforiaEnabledInPlayerSettings () [0x00000] in <f93bc12ce1034617aac9a18135b94276>:0 
  at Vuforia.EditorClasses.InitializeOnLoadVuforiaTaskRunner..cctor () [0x00015] in <f93bc12ce1034617aac9a18135b94276>:0 
UnityEngine.StackTraceUtility:ExtractStackTrace ()
UnityEngine.DebugLogHandler:LogFormat (UnityEngine.LogType,UnityEngine.Object,string,object[])
UnityEngine.Logger:Log (UnityEngine.LogType,object)
UnityEngine.Debug:LogError (object)
UnityEditor.EditorAssemblies:ProcessInitializeOnLoadAttributes (System.Type[])

Invoked RoslynAnalysisRunner static constructor.
RoslynAnalysisRunner will not be running.
RoslynAnalysisRunner has terminated.
Mono: successfully reloaded assembly
- Completed reload, in  1.351 seconds
Platform modules already initialized, skipping
Shader 'PointClouds/PointSplat': fallback shader 'PointClouds/PointSplatLegacy' not found
Refreshing native plugins compatible for Editor in 0.90 ms, found 9 plugins.
Preloading 2 native plugins for Editor in 0.09 ms.
Unloading 1832 Unused Serialized files (Serialized files now loaded: 0)
System memory in use before: 85.4 MB.
System memory in use after: 85.5 MB.

Unloading 35 unused Assets to reduce memory usage. Loaded Objects now: 2658.
Total: 2.722800 ms (FindLiveObjects: 0.442500 ms CreateObjectMapping: 0.165500 ms MarkObjects: 2.057800 ms  DeleteObjects: 0.054600 ms)

========================================================================
Received Import Request.
  Time since last request: 149.571495 seconds.
  path: Assets/Animals/Exports/Antelope.mtl
  artifactKey: Guid(078e4c97a77d72442b2a62a583f272fa) Importer(815301076,1909f56bfc062723c751e8b465ee728b)
Start importing Assets/Animals/Exports/Antelope.mtl using Guid(078e4c97a77d72442b2a62a583f272fa) Importer(815301076,1909f56bfc062723c751e8b465ee728b)  -> (artifact id: '398a7706366a2bdbaf74dfd70a71c2b5') in 0.018627 seconds
  Import took 0.137562 seconds .

========================================================================
Received Prepare
Registering precompiled user dll's ...
Registered in 0.007261 seconds.
Begin MonoManager ReloadAssembly
Native extension for WindowsStandalone target not found
Refreshing native plugins compatible for Editor in 0.92 ms, found 9 plugins.
Preloading 2 native plugins for Editor in 0.10 ms.
System.NullReferenceException: Object reference not set to an instance of an object
  at Vuforia.EditorClasses.ExtensionTypeProvider.GetVuforiaPackageAbsPath () [0x0004a] in <f93bc12ce1034617aac9a18135b94276>:0 
  at Vuforia.EditorClasses.ExtensionTypeProvider.IsPackageManager () [0x00000] in <f93bc12ce1034617aac9a18135b94276>:0 
  at Vuforia.EditorClasses.ExtensionTypeProvider.ResolvePluginType () [0x00009] in <f93bc12ce1034617aac9a18135b94276>:0 
  at Vuforia.EditorClasses.ExtensionTypeProvider.GetPluginType () [0x0000c] in <f93bc12ce1034617aac9a18135b94276>:0 
  at Vuforia.EditorClasses.VuforiaUtilities.IsVuforiaEnabledInPlayerSettings () [0x00000] in <f93bc12ce1034617aac9a18135b94276>:0 
  at VuforiaEnabledObserver..cctor () [0x00000] in <f93bc12ce1034617aac9a18135b94276>:0 
UnityEngine.StackTraceUtility:ExtractStackTrace ()
UnityEngine.DebugLogHandler:LogFormat (UnityEngine.LogType,UnityEngine.Object,string,object[])
UnityEngine.Logger:Log (UnityEngine.LogType,object)
UnityEngine.Debug:LogError (object)
UnityEditor.EditorAssemblies:ProcessInitializeOnLoadAttributes (System.Type[])

System.NullReferenceException: Object reference not set to an instance of an object
  at Vuforia.EditorClasses.ExtensionTypeProvider.GetVuforiaPackageAbsPath () [0x0004a] in <f93bc12ce1034617aac9a18135b94276>:0 
  at Vuforia.EditorClasses.ExtensionTypeProvider.IsPackageManager () [0x00000] in <f93bc12ce1034617aac9a18135b94276>:0 
  at Vuforia.EditorClasses.ExtensionTypeProvider.ResolvePluginType () [0x00009] in <f93bc12ce1034617aac9a18135b94276>:0 
  at Vuforia.EditorClasses.ExtensionTypeProvider.GetPluginType () [0x0000c] in <f93bc12ce1034617aac9a18135b94276>:0 
  at Vuforia.EditorClasses.VuforiaUtilities.IsVuforiaEnabledInPlayerSettings () [0x00000] in <f93bc12ce1034617aac9a18135b94276>:0 
  at Vuforia.EditorClasses.InitializeOnLoadVuforiaTaskRunner..cctor () [0x00015] in <f93bc12ce1034617aac9a18135b94276>:0 
UnityEngine.StackTraceUtility:ExtractStackTrace ()
UnityEngine.DebugLogHandler:LogFormat (UnityEngine.LogType,UnityEngine.Object,string,object[])
UnityEngine.Logger:Log (UnityEngine.LogType,object)
UnityEngine.Debug:LogError (object)
UnityEditor.EditorAssemblies:ProcessInitializeOnLoadAttributes (System.Type[])

Invoked RoslynAnalysisRunner static constructor.
RoslynAnalysisRunner will not be running.
RoslynAnalysisRunner has terminated.
Mono: successfully reloaded assembly
- Completed reload, in  1.096 seconds
Platform modules already initialized, skipping
Shader 'PointClouds/PointSplat': fallback shader 'PointClouds/PointSplatLegacy' not found
Refreshing native plugins compatible for Editor in 0.97 ms, found 9 plugins.
Preloading 2 native plugins for Editor in 0.10 ms.
Unloading 1832 Unused Serialized files (Serialized files now loaded: 0)
System memory in use before: 85.4 MB.
System memory in use after: 85.5 MB.

Unloading 35 unused Assets to reduce memory usage. Loaded Objects now: 2662.
Total: 2.883700 ms (FindLiveObjects: 0.410400 ms CreateObjectMapping: 0.140400 ms MarkObjects: 2.275700 ms  DeleteObjects: 0.055900 ms)

