Using pre-set license
Built from '2020.3/release' branch; Version is '2020.3.1f1 (77a89f25062f) revision 7841951'; Using compiler version '192528614'; Build Type 'Release'
OS: 'Windows 10 Home Single Language; OS build 19043.1023; Version 2009; 64bit' Language: 'en' Physical Memory: 8045 MB
BatchMode: 1, IsHumanControllingUs: 0, StartBugReporterOnCrash: 0, Is64bit: 1, IsPro: 0

 COMMAND LINE ARGUMENTS:
D:\UNITY\2020.3.1f1\Editor\Unity.exe
-adb2
-batchMode
-noUpm
-name
AssetImportWorker0
-projectPath
G:/Unity/-DoAn1-AAA-AugmentedAnimalAlphabet
-logFile
Logs/AssetImportWorker0.log
-srvPort
63682
Successfully changed project path to: G:/Unity/-DoAn1-AAA-AugmentedAnimalAlphabet
G:/Unity/-DoAn1-AAA-AugmentedAnimalAlphabet
Using Asset Import Pipeline V2.
Refreshing native plugins compatible for Editor in 1303.70 ms, found 9 plugins.
Preloading 2 native plugins for Editor in 41.40 ms.
Initialize engine version: 2020.3.1f1 (77a89f25062f)
[Subsystems] Discovering subsystems at path D:/UNITY/2020.3.1f1/Editor/Data/Resources/UnitySubsystems
[Subsystems] Discovering subsystems at path G:/Unity/-DoAn1-AAA-AugmentedAnimalAlphabet/Assets
GfxDevice: creating device client; threaded=0
Direct3D:
    Version:  Direct3D 11.0 [level 11.1]
    Renderer: Intel(R) UHD Graphics 620 (ID=0x3ea0)
    Vendor:   
    VRAM:     4022 MB
    Driver:   26.20.100.7926
Shader 'PointClouds/PointSplat': fallback shader 'PointClouds/PointSplatLegacy' not found
Initialize mono
Mono path[0] = 'D:/UNITY/2020.3.1f1/Editor/Data/Managed'
Mono path[1] = 'D:/UNITY/2020.3.1f1/Editor/Data/MonoBleedingEdge/lib/mono/unityjit'
Mono config path = 'D:/UNITY/2020.3.1f1/Editor/Data/MonoBleedingEdge/etc'
Using monoOptions --debugger-agent=transport=dt_socket,embedding=1,server=y,suspend=n,address=127.0.0.1:56048
Begin MonoManager ReloadAssembly
